<?xml version="1.0" encoding="UTF-8"?>
<!-- Generated by org.testng.reporters.JUnitReportReporter -->
<testsuite hostname="DESKTOP-9IVHGQ7" failures="0" tests="3" name="TestSuiteSYSTEM" time="0.177" errors="0" timestamp="2023-05-05T22:45:00 CEST" skipped="0">
  <testcase classname="TestSuiteSYSTEM" name="Test3" time="0.106"/>
  <system-out/>
  <testcase classname="TestSuiteSYSTEM" name="Test2" time="0.035"/>
  <system-out/>
  <testcase classname="TestSuiteSYSTEM" name="Test1" time="0.036"/>
  <system-out/>
</testsuite> <!-- TestSuiteSYSTEM -->
