<?xml version="1.0" encoding="UTF-8"?>
<!-- Generated by org.testng.reporters.JUnitReportReporter -->
<testsuite hostname="DESKTOP-9IVHGQ7" failures="0" tests="2" name="TestSuite.TestParametersWithXML" time="87.829" errors="0" timestamp="2023-05-11T00:06:04 CEST" skipped="0">
  <testcase classname="TestSuite.TestParametersWithXML" name="testParameterWithXML" time="48.723"/>
  <system-out/>
  <testcase classname="TestSuite.TestParametersWithXML" name="testParameterWithXML" time="39.106"/>
  <system-out/>
</testsuite> <!-- TestSuite.TestParametersWithXML -->
